# JRE version: OpenJDK Runtime Environment (8.0_292-b10) (build 1.8.0_292-b10)
# Java VM: OpenJDK 64-Bit Server VM (25.292-b10 mixed mode linux-amd64 compressed oops)
Heap:
 PSYoungGen      total 66048K, used 4986K [0x00000000eb900000, 0x00000000efc00000, 0x0000000100000000)
  eden space 63488K, 7% used [0x00000000eb900000,0x00000000ebdde950,0x00000000ef700000)
  from space 2560K, 0% used [0x00000000ef980000,0x00000000ef980000,0x00000000efc00000)
  to   space 2560K, 0% used [0x00000000ef700000,0x00000000ef700000,0x00000000ef980000)
 ParOldGen       total 44032K, used 14332K [0x00000000c2a00000, 0x00000000c5500000, 0x00000000eb900000)
  object space 44032K, 32% used [0x00000000c2a00000,0x00000000c37ff0b8,0x00000000c5500000)
 Metaspace       used 21359K, capacity 21746K, committed 22016K, reserved 1069056K
  class space    used 2694K, capacity 2808K, committed 2816K, reserved 1048576K
GC Heap History (10 events):
Event: 0.557 GC heap before
{Heap before GC invocations=1 (full 0):
 PSYoungGen      total 18432K, used 15872K [0x00000000eb900000, 0x00000000ecd80000, 0x0000000100000000)
  eden space 15872K, 100% used [0x00000000eb900000,0x00000000ec880000,0x00000000ec880000)
  from space 2560K, 0% used [0x00000000ecb00000,0x00000000ecb00000,0x00000000ecd80000)
  to   space 2560K, 0% used [0x00000000ec880000,0x00000000ec880000,0x00000000ecb00000)
 ParOldGen       total 42496K, used 0K [0x00000000c2a00000, 0x00000000c5380000, 0x00000000eb900000)
  object space 42496K, 0% used [0x00000000c2a00000,0x00000000c2a00000,0x00000000c5380000)
 Metaspace       used 7327K, capacity 7482K, committed 7552K, reserved 1056768K
  class space    used 838K, capacity 895K, committed 896K, reserved 1048576K
Event: 0.568 GC heap after
Heap after GC invocations=1 (full 0):
 PSYoungGen      total 18432K, used 2554K [0x00000000eb900000, 0x00000000edd00000, 0x0000000100000000)
  eden space 15872K, 0% used [0x00000000eb900000,0x00000000eb900000,0x00000000ec880000)
  from space 2560K, 99% used [0x00000000ec880000,0x00000000ecafead8,0x00000000ecb00000)
  to   space 2560K, 0% used [0x00000000eda80000,0x00000000eda80000,0x00000000edd00000)
 ParOldGen       total 42496K, used 1859K [0x00000000c2a00000, 0x00000000c5380000, 0x00000000eb900000)
  object space 42496K, 4% used [0x00000000c2a00000,0x00000000c2bd0cc8,0x00000000c5380000)
 Metaspace       used 7327K, capacity 7482K, committed 7552K, reserved 1056768K
  class space    used 838K, capacity 895K, committed 896K, reserved 1048576K
}
Event: 0.945 GC heap before
{Heap before GC invocations=2 (full 0):
 PSYoungGen      total 18432K, used 18426K [0x00000000eb900000, 0x00000000edd00000, 0x0000000100000000)
  eden space 15872K, 100% used [0x00000000eb900000,0x00000000ec880000,0x00000000ec880000)
  from space 2560K, 99% used [0x00000000ec880000,0x00000000ecafead8,0x00000000ecb00000)
  to   space 2560K, 0% used [0x00000000eda80000,0x00000000eda80000,0x00000000edd00000)
 ParOldGen       total 42496K, used 1859K [0x00000000c2a00000, 0x00000000c5380000, 0x00000000eb900000)
  object space 42496K, 4% used [0x00000000c2a00000,0x00000000c2bd0cc8,0x00000000c5380000)
 Metaspace       used 9972K, capacity 10144K, committed 10240K, reserved 1058816K
  class space    used 1110K, capacity 1184K, committed 1280K, reserved 1048576K
Event: 0.964 GC heap after
Heap after GC invocations=2 (full 0):
 PSYoungGen      total 34304K, used 2529K [0x00000000eb900000, 0x00000000edd00000, 0x0000000100000000)
  eden space 31744K, 0% used [0x00000000eb900000,0x00000000eb900000,0x00000000ed800000)
  from space 2560K, 98% used [0x00000000eda80000,0x00000000edcf8688,0x00000000edd00000)
  to   space 2560K, 0% used [0x00000000ed800000,0x00000000ed800000,0x00000000eda80000)
 ParOldGen       total 42496K, used 4590K [0x00000000c2a00000, 0x00000000c5380000, 0x00000000eb900000)
  object space 42496K, 10% used [0x00000000c2a00000,0x00000000c2e7b9d0,0x00000000c5380000)
 Metaspace       used 9972K, capacity 10144K, committed 10240K, reserved 1058816K
  class space    used 1110K, capacity 1184K, committed 1280K, reserved 1048576K
}
Event: 1.734 GC heap before
{Heap before GC invocations=3 (full 0):
 PSYoungGen      total 34304K, used 34273K [0x00000000eb900000, 0x00000000edd00000, 0x0000000100000000)
  eden space 31744K, 100% used [0x00000000eb900000,0x00000000ed800000,0x00000000ed800000)
  from space 2560K, 98% used [0x00000000eda80000,0x00000000edcf8688,0x00000000edd00000)
  to   space 2560K, 0% used [0x00000000ed800000,0x00000000ed800000,0x00000000eda80000)
 ParOldGen       total 42496K, used 4590K [0x00000000c2a00000, 0x00000000c5380000, 0x00000000eb900000)
  object space 42496K, 10% used [0x00000000c2a00000,0x00000000c2e7b9d0,0x00000000c5380000)
 Metaspace       used 14891K, capacity 15140K, committed 15232K, reserved 1062912K
  class space    used 1749K, capacity 1862K, committed 1920K, reserved 1048576K
Event: 1.760 GC heap after
Heap after GC invocations=3 (full 0):
 PSYoungGen      total 34304K, used 2539K [0x00000000eb900000, 0x00000000efc00000, 0x0000000100000000)
  eden space 31744K, 0% used [0x00000000eb900000,0x00000000eb900000,0x00000000ed800000)
  from space 2560K, 99% used [0x00000000ed800000,0x00000000eda7af38,0x00000000eda80000)
  to   space 2560K, 0% used [0x00000000ef980000,0x00000000ef980000,0x00000000efc00000)
 ParOldGen       total 42496K, used 9849K [0x00000000c2a00000, 0x00000000c5380000, 0x00000000eb900000)
  object space 42496K, 23% used [0x00000000c2a00000,0x00000000c339e718,0x00000000c5380000)
 Metaspace       used 14891K, capacity 15140K, committed 15232K, reserved 1062912K
  class space    used 1749K, capacity 1862K, committed 1920K, reserved 1048576K
}
Event: 2.290 GC heap before
{Heap before GC invocations=4 (full 0):
 PSYoungGen      total 34304K, used 32777K [0x00000000eb900000, 0x00000000efc00000, 0x0000000100000000)
  eden space 31744K, 95% used [0x00000000eb900000,0x00000000ed687730,0x00000000ed800000)
  from space 2560K, 99% used [0x00000000ed800000,0x00000000eda7af38,0x00000000eda80000)
  to   space 2560K, 0% used [0x00000000ef980000,0x00000000ef980000,0x00000000efc00000)
 ParOldGen       total 42496K, used 9849K [0x00000000c2a00000, 0x00000000c5380000, 0x00000000eb900000)
  object space 42496K, 23% used [0x00000000c2a00000,0x00000000c339e718,0x00000000c5380000)
 Metaspace       used 20879K, capacity 21112K, committed 21248K, reserved 1067008K
  class space    used 2639K, capacity 2729K, committed 2816K, reserved 1048576K
Event: 2.315 GC heap after
Heap after GC invocations=4 (full 0):
 PSYoungGen      total 66048K, used 2533K [0x00000000eb900000, 0x00000000efc00000, 0x0000000100000000)
  eden space 63488K, 0% used [0x00000000eb900000,0x00000000eb900000,0x00000000ef700000)
  from space 2560K, 98% used [0x00000000ef980000,0x00000000efbf9608,0x00000000efc00000)
  to   space 2560K, 0% used [0x00000000ef700000,0x00000000ef700000,0x00000000ef980000)
 ParOldGen       total 42496K, used 14016K [0x00000000c2a00000, 0x00000000c5380000, 0x00000000eb900000)
  object space 42496K, 32% used [0x00000000c2a00000,0x00000000c37b0358,0x00000000c5380000)
 Metaspace       used 20879K, capacity 21112K, committed 21248K, reserved 1067008K
  class space    used 2639K, capacity 2729K, committed 2816K, reserved 1048576K
}
Event: 2.315 GC heap before
{Heap before GC invocations=5 (full 1):
 PSYoungGen      total 66048K, used 2533K [0x00000000eb900000, 0x00000000efc00000, 0x0000000100000000)
  eden space 63488K, 0% used [0x00000000eb900000,0x00000000eb900000,0x00000000ef700000)
  from space 2560K, 98% used [0x00000000ef980000,0x00000000efbf9608,0x00000000efc00000)
  to   space 2560K, 0% used [0x00000000ef700000,0x00000000ef700000,0x00000000ef980000)
 ParOldGen       total 42496K, used 14016K [0x00000000c2a00000, 0x00000000c5380000, 0x00000000eb900000)
  object space 42496K, 32% used [0x00000000c2a00000,0x00000000c37b0358,0x00000000c5380000)
 Metaspace       used 20879K, capacity 21112K, committed 21248K, reserved 1067008K
  class space    used 2639K, capacity 2729K, committed 2816K, reserved 1048576K
Event: 2.393 GC heap after
Heap after GC invocations=5 (full 1):
 PSYoungGen      total 66048K, used 0K [0x00000000eb900000, 0x00000000efc00000, 0x0000000100000000)
  eden space 63488K, 0% used [0x00000000eb900000,0x00000000eb900000,0x00000000ef700000)
  from space 2560K, 0% used [0x00000000ef980000,0x00000000ef980000,0x00000000efc00000)
  to   space 2560K, 0% used [0x00000000ef700000,0x00000000ef700000,0x00000000ef980000)
 ParOldGen       total 44032K, used 14332K [0x00000000c2a00000, 0x00000000c5500000, 0x00000000eb900000)
  object space 44032K, 32% used [0x00000000c2a00000,0x00000000c37ff0b8,0x00000000c5500000)
 Metaspace       used 20879K, capacity 21112K, committed 21248K, reserved 1067008K
  class space    used 2639K, capacity 2729K, committed 2816K, reserved 1048576K
}

